0 info it worked if it ends with ok
1 verbose cli [ '/Users/cbetta/.nvm/versions/node/v7.7.3/bin/node',
1 verbose cli   '/Users/cbetta/.nvm/versions/node/v7.7.3/bin/npm',
1 verbose cli   'install',
1 verbose cli   'nexmo@2.0.2',
1 verbose cli   '-g' ]
2 info using npm@4.1.2
3 info using node@v7.7.3
4 silly loadCurrentTree Starting
5 silly install loadCurrentTree
6 silly install readGlobalPackageData
7 silly fetchPackageMetaData nexmo@2.0.2
8 silly fetchNamedPackageData nexmo
9 silly mapToRegistry name nexmo
10 silly mapToRegistry using default registry
11 silly mapToRegistry registry https://registry.npmjs.org/
12 silly mapToRegistry data Result {
12 silly mapToRegistry   raw: 'nexmo',
12 silly mapToRegistry   scope: null,
12 silly mapToRegistry   escapedName: 'nexmo',
12 silly mapToRegistry   name: 'nexmo',
12 silly mapToRegistry   rawSpec: '',
12 silly mapToRegistry   spec: 'latest',
12 silly mapToRegistry   type: 'tag' }
13 silly mapToRegistry uri https://registry.npmjs.org/nexmo
14 verbose request uri https://registry.npmjs.org/nexmo
15 verbose request no auth needed
16 info attempt registry request try #1 at 4:38:57 PM
17 verbose request id 4eac9f6096480962
18 verbose etag W/"58d12ff9-d39b"
19 verbose lastModified Tue, 21 Mar 2017 13:51:53 GMT
20 http request GET https://registry.npmjs.org/nexmo
21 http 304 https://registry.npmjs.org/nexmo
22 verbose headers { date: 'Wed, 22 Mar 2017 16:38:57 GMT',
22 verbose headers   via: '1.1 varnish',
22 verbose headers   'cache-control': 'max-age=300',
22 verbose headers   etag: 'W/"58d12ff9-d39b"',
22 verbose headers   age: '0',
22 verbose headers   connection: 'keep-alive',
22 verbose headers   'x-served-by': 'cache-ams4449-AMS',
22 verbose headers   'x-cache': 'MISS',
22 verbose headers   'x-cache-hits': '0',
22 verbose headers   'x-timer': 'S1490200737.793470,VS0,VE35',
22 verbose headers   vary: 'Accept-Encoding' }
23 silly get cb [ 304,
23 silly get   { date: 'Wed, 22 Mar 2017 16:38:57 GMT',
23 silly get     via: '1.1 varnish',
23 silly get     'cache-control': 'max-age=300',
23 silly get     etag: 'W/"58d12ff9-d39b"',
23 silly get     age: '0',
23 silly get     connection: 'keep-alive',
23 silly get     'x-served-by': 'cache-ams4449-AMS',
23 silly get     'x-cache': 'MISS',
23 silly get     'x-cache-hits': '0',
23 silly get     'x-timer': 'S1490200737.793470,VS0,VE35',
23 silly get     vary: 'Accept-Encoding' } ]
24 verbose etag https://registry.npmjs.org/nexmo from cache
25 verbose get saving nexmo to /Users/cbetta/.npm/registry.npmjs.org/nexmo/.cache.json
26 verbose correctMkdir /Users/cbetta/.npm correctMkdir not in flight; initializing
27 silly pickManifestFromRegistryMetadata spec 2.0.2 tag latest versions [ '0.0.1',
27 silly pickManifestFromRegistryMetadata   '0.0.2',
27 silly pickManifestFromRegistryMetadata   '0.0.3',
27 silly pickManifestFromRegistryMetadata   '0.0.4',
27 silly pickManifestFromRegistryMetadata   '0.0.5',
27 silly pickManifestFromRegistryMetadata   '0.0.7',
27 silly pickManifestFromRegistryMetadata   '1.0.0-beta-1',
27 silly pickManifestFromRegistryMetadata   '1.0.0-beta-2',
27 silly pickManifestFromRegistryMetadata   '1.0.0-beta-3',
27 silly pickManifestFromRegistryMetadata   '1.0.0-beta-4',
27 silly pickManifestFromRegistryMetadata   '1.0.0-beta-5',
27 silly pickManifestFromRegistryMetadata   '1.0.0-beta-6',
27 silly pickManifestFromRegistryMetadata   '1.0.0-beta-7',
27 silly pickManifestFromRegistryMetadata   '1.0.0',
27 silly pickManifestFromRegistryMetadata   '1.1.0-beta1',
27 silly pickManifestFromRegistryMetadata   '1.1.0',
27 silly pickManifestFromRegistryMetadata   '1.2.0-alpha',
27 silly pickManifestFromRegistryMetadata   '1.1.1',
27 silly pickManifestFromRegistryMetadata   '1.1.2',
27 silly pickManifestFromRegistryMetadata   '1.2.0',
27 silly pickManifestFromRegistryMetadata   '1.2.1',
27 silly pickManifestFromRegistryMetadata   '2.0.0',
27 silly pickManifestFromRegistryMetadata   '2.0.1' ]
28 silly fetchNamedPackageData No valid target from cache, forcing network
29 verbose request uri https://registry.npmjs.org/nexmo
30 verbose request no auth needed
31 info attempt registry request try #1 at 4:38:57 PM
32 http request GET https://registry.npmjs.org/nexmo
33 http 200 https://registry.npmjs.org/nexmo
34 verbose headers { server: 'nginx/1.10.1',
34 verbose headers   'content-type': 'application/json',
34 verbose headers   'last-modified': 'Tue, 21 Mar 2017 13:51:53 GMT',
34 verbose headers   etag: 'W/"58d12ff9-d39b"',
34 verbose headers   'content-encoding': 'gzip',
34 verbose headers   'cache-control': 'max-age=300',
34 verbose headers   'content-length': '8010',
34 verbose headers   'accept-ranges': 'bytes',
34 verbose headers   date: 'Wed, 22 Mar 2017 16:38:57 GMT',
34 verbose headers   via: '1.1 varnish',
34 verbose headers   age: '0',
34 verbose headers   connection: 'keep-alive',
34 verbose headers   'x-served-by': 'cache-ams4449-AMS',
34 verbose headers   'x-cache': 'HIT',
34 verbose headers   'x-cache-hits': '1',
34 verbose headers   'x-timer': 'S1490200737.858707,VS0,VE0',
34 verbose headers   vary: 'Accept-Encoding' }
35 silly get cb [ 200,
35 silly get   { server: 'nginx/1.10.1',
35 silly get     'content-type': 'application/json',
35 silly get     'last-modified': 'Tue, 21 Mar 2017 13:51:53 GMT',
35 silly get     etag: 'W/"58d12ff9-d39b"',
35 silly get     'content-encoding': 'gzip',
35 silly get     'cache-control': 'max-age=300',
35 silly get     'content-length': '8010',
35 silly get     'accept-ranges': 'bytes',
35 silly get     date: 'Wed, 22 Mar 2017 16:38:57 GMT',
35 silly get     via: '1.1 varnish',
35 silly get     age: '0',
35 silly get     connection: 'keep-alive',
35 silly get     'x-served-by': 'cache-ams4449-AMS',
35 silly get     'x-cache': 'HIT',
35 silly get     'x-cache-hits': '1',
35 silly get     'x-timer': 'S1490200737.858707,VS0,VE0',
35 silly get     vary: 'Accept-Encoding' } ]
36 verbose get saving nexmo to /Users/cbetta/.npm/registry.npmjs.org/nexmo/.cache.json
37 verbose correctMkdir /Users/cbetta/.npm correctMkdir not in flight; initializing
38 silly pickManifestFromRegistryMetadata spec 2.0.2 tag latest versions [ '0.0.1',
38 silly pickManifestFromRegistryMetadata   '0.0.2',
38 silly pickManifestFromRegistryMetadata   '0.0.3',
38 silly pickManifestFromRegistryMetadata   '0.0.4',
38 silly pickManifestFromRegistryMetadata   '0.0.5',
38 silly pickManifestFromRegistryMetadata   '0.0.7',
38 silly pickManifestFromRegistryMetadata   '1.0.0-beta-1',
38 silly pickManifestFromRegistryMetadata   '1.0.0-beta-2',
38 silly pickManifestFromRegistryMetadata   '1.0.0-beta-3',
38 silly pickManifestFromRegistryMetadata   '1.0.0-beta-4',
38 silly pickManifestFromRegistryMetadata   '1.0.0-beta-5',
38 silly pickManifestFromRegistryMetadata   '1.0.0-beta-6',
38 silly pickManifestFromRegistryMetadata   '1.0.0-beta-7',
38 silly pickManifestFromRegistryMetadata   '1.0.0',
38 silly pickManifestFromRegistryMetadata   '1.1.0-beta1',
38 silly pickManifestFromRegistryMetadata   '1.1.0',
38 silly pickManifestFromRegistryMetadata   '1.2.0-alpha',
38 silly pickManifestFromRegistryMetadata   '1.1.1',
38 silly pickManifestFromRegistryMetadata   '1.1.2',
38 silly pickManifestFromRegistryMetadata   '1.2.0',
38 silly pickManifestFromRegistryMetadata   '1.2.1',
38 silly pickManifestFromRegistryMetadata   '2.0.0',
38 silly pickManifestFromRegistryMetadata   '2.0.1' ]
39 silly fetchPackageMetaData Error: No compatible version found: nexmo@2.0.2
39 silly fetchPackageMetaData Valid install targets:
39 silly fetchPackageMetaData 0.0.1, 0.0.2, 0.0.3, 0.0.4, 0.0.5, 0.0.7, 1.0.0-beta-1, 1.0.0-beta-2, 1.0.0-beta-3, 1.0.0-beta-4, 1.0.0-beta-5, 1.0.0-beta-6, 1.0.0-beta-7, 1.0.0, 1.1.0-beta1, 1.1.0, 1.2.0-alpha, 1.1.1, 1.1.2, 1.2.0, 1.2.1, 2.0.0, 2.0.1
39 silly fetchPackageMetaData
39 silly fetchPackageMetaData     at pickVersionFromRegistryDocument (/Users/cbetta/.nvm/versions/node/v7.7.3/lib/node_modules/npm/lib/fetch-package-metadata.js:158:16)
39 silly fetchPackageMetaData     at /Users/cbetta/.nvm/versions/node/v7.7.3/lib/node_modules/npm/node_modules/iferr/index.js:13:50
39 silly fetchPackageMetaData     at /Users/cbetta/.nvm/versions/node/v7.7.3/lib/node_modules/npm/lib/utils/pulse-till-done.js:20:8
39 silly fetchPackageMetaData     at saved (/Users/cbetta/.nvm/versions/node/v7.7.3/lib/node_modules/npm/lib/cache/caching-client.js:174:7)
39 silly fetchPackageMetaData     at /Users/cbetta/.nvm/versions/node/v7.7.3/lib/node_modules/npm/node_modules/graceful-fs/polyfills.js:261:18
39 silly fetchPackageMetaData     at FSReqWrap.oncomplete (fs.js:114:15)
39 silly fetchPackageMetaData  error for nexmo@2.0.2 { Error: No compatible version found: nexmo@2.0.2
39 silly fetchPackageMetaData Valid install targets:
39 silly fetchPackageMetaData 0.0.1, 0.0.2, 0.0.3, 0.0.4, 0.0.5, 0.0.7, 1.0.0-beta-1, 1.0.0-beta-2, 1.0.0-beta-3, 1.0.0-beta-4, 1.0.0-beta-5, 1.0.0-beta-6, 1.0.0-beta-7, 1.0.0, 1.1.0-beta1, 1.1.0, 1.2.0-alpha, 1.1.1, 1.1.2, 1.2.0, 1.2.1, 2.0.0, 2.0.1
39 silly fetchPackageMetaData
39 silly fetchPackageMetaData     at pickVersionFromRegistryDocument (/Users/cbetta/.nvm/versions/node/v7.7.3/lib/node_modules/npm/lib/fetch-package-metadata.js:158:16)
39 silly fetchPackageMetaData     at /Users/cbetta/.nvm/versions/node/v7.7.3/lib/node_modules/npm/node_modules/iferr/index.js:13:50
39 silly fetchPackageMetaData     at /Users/cbetta/.nvm/versions/node/v7.7.3/lib/node_modules/npm/lib/utils/pulse-till-done.js:20:8
39 silly fetchPackageMetaData     at saved (/Users/cbetta/.nvm/versions/node/v7.7.3/lib/node_modules/npm/lib/cache/caching-client.js:174:7)
39 silly fetchPackageMetaData     at /Users/cbetta/.nvm/versions/node/v7.7.3/lib/node_modules/npm/node_modules/graceful-fs/polyfills.js:261:18
39 silly fetchPackageMetaData     at FSReqWrap.oncomplete (fs.js:114:15) code: 'ETARGET' }
40 silly rollbackFailedOptional Starting
41 verbose stack TypeError: Cannot read property 'path' of null
41 verbose stack     at Installer.rollbackFailedOptional (/Users/cbetta/.nvm/versions/node/v7.7.3/lib/node_modules/npm/lib/install.js:511:29)
41 verbose stack     at Array.<anonymous> (/Users/cbetta/.nvm/versions/node/v7.7.3/lib/node_modules/npm/node_modules/slide/lib/bind-actor.js:15:8)
41 verbose stack     at LOOP (/Users/cbetta/.nvm/versions/node/v7.7.3/lib/node_modules/npm/node_modules/slide/lib/chain.js:15:14)
41 verbose stack     at /Users/cbetta/.nvm/versions/node/v7.7.3/lib/node_modules/npm/node_modules/slide/lib/chain.js:18:7
41 verbose stack     at /Users/cbetta/.nvm/versions/node/v7.7.3/lib/node_modules/npm/lib/install.js:337:5
41 verbose stack     at Array.<anonymous> (/Users/cbetta/.nvm/versions/node/v7.7.3/lib/node_modules/npm/node_modules/slide/lib/bind-actor.js:15:8)
41 verbose stack     at LOOP (/Users/cbetta/.nvm/versions/node/v7.7.3/lib/node_modules/npm/node_modules/slide/lib/chain.js:15:14)
41 verbose stack     at chain (/Users/cbetta/.nvm/versions/node/v7.7.3/lib/node_modules/npm/node_modules/slide/lib/chain.js:20:5)
41 verbose stack     at /Users/cbetta/.nvm/versions/node/v7.7.3/lib/node_modules/npm/lib/install.js:294:5
41 verbose stack     at /Users/cbetta/.nvm/versions/node/v7.7.3/lib/node_modules/npm/node_modules/slide/lib/chain.js:16:22
42 verbose cwd /Users/cbetta/code/nexmo/nexmo-node
43 error Darwin 16.4.0
44 error argv "/Users/cbetta/.nvm/versions/node/v7.7.3/bin/node" "/Users/cbetta/.nvm/versions/node/v7.7.3/bin/npm" "install" "nexmo@2.0.2" "-g"
45 error node v7.7.3
46 error npm  v4.1.2
47 error Cannot read property 'path' of null
48 error If you need help, you may report this error at:
48 error     <https://github.com/npm/npm/issues>
49 verbose exit [ 1, true ]
